 WARN [2017-05-10 15:40:43,010] (ComponentFactory.java:getComponentBean:1149) - Unable to get component for id 'Certificate': Unable to get bean for id 'Certificate'
 WARN [2017-05-10 15:40:43,090] (ComponentFactory.java:getComponentBean:1149) - Unable to get component for id 'AuraDefinitionBundle': Unable to get bean for id 'AuraDefinitionBundle'
 WARN [2017-05-10 15:40:43,160] (ComponentFactory.java:getComponentBean:1149) - Unable to get component for id 'ExternalDataSource': Unable to get bean for id 'ExternalDataSource'
 WARN [2017-05-10 15:40:43,170] (ComponentFactory.java:getComponentBean:1149) - Unable to get component for id 'NamedCredential': Unable to get bean for id 'NamedCredential'
 WARN [2017-05-10 15:40:43,180] (ComponentFactory.java:getComponentBean:1149) - Unable to get component for id 'GlobalPicklist': Unable to get bean for id 'GlobalPicklist'
 WARN [2017-05-10 15:40:43,190] (ComponentFactory.java:getComponentBean:1149) - Unable to get component for id 'CustomFeedFilter': Unable to get bean for id 'CustomFeedFilter'
 WARN [2017-05-10 15:40:43,205] (ComponentFactory.java:getComponentBean:1149) - Unable to get component for id 'FlowDefinition': Unable to get bean for id 'FlowDefinition'
 WARN [2017-05-10 15:40:43,215] (ComponentFactory.java:getComponentBean:1149) - Unable to get component for id 'MatchingRules': Unable to get bean for id 'MatchingRules'
 WARN [2017-05-10 15:40:43,220] (ComponentFactory.java:getComponentBean:1149) - Unable to get component for id 'ChannelLayout': Unable to get bean for id 'ChannelLayout'
 WARN [2017-05-10 15:40:43,225] (ComponentFactory.java:getComponentBean:1149) - Unable to get component for id 'SharingRules': Unable to get bean for id 'SharingRules'
 WARN [2017-05-10 15:40:43,231] (ComponentFactory.java:getComponentBean:1149) - Unable to get component for id 'DelegateGroup': Unable to get bean for id 'DelegateGroup'
 WARN [2017-05-10 15:40:43,236] (ComponentFactory.java:getComponentBean:1149) - Unable to get component for id 'CorsWhitelistOrigin': Unable to get bean for id 'CorsWhitelistOrigin'
 WARN [2017-05-10 15:40:43,241] (ComponentFactory.java:getComponentBean:1149) - Unable to get component for id 'ActionLinkGroupTemplate': Unable to get bean for id 'ActionLinkGroupTemplate'
 WARN [2017-05-10 15:40:43,246] (ComponentFactory.java:getComponentBean:1149) - Unable to get component for id 'TransactionSecurityPolicy': Unable to get bean for id 'TransactionSecurityPolicy'
 WARN [2017-05-10 15:40:43,251] (ComponentFactory.java:getComponentBean:1149) - Unable to get component for id 'SynonymDictionary': Unable to get bean for id 'SynonymDictionary'
 WARN [2017-05-10 15:40:43,257] (ComponentFactory.java:getComponentBean:1149) - Unable to get component for id 'PathAssistant': Unable to get bean for id 'PathAssistant'
 WARN [2017-05-10 15:40:43,262] (ComponentFactory.java:getComponentBean:1149) - Unable to get component for id 'LeadConvertSettings': Unable to get bean for id 'LeadConvertSettings'
 WARN [2017-05-10 15:40:43,267] (ComponentFactory.java:getComponentBean:1149) - Unable to get component for id 'PlatformCachePartition': Unable to get bean for id 'PlatformCachePartition'
 WARN [2017-05-10 15:40:44,358] (ComponentFactory.java:getComponentBean:1149) - Unable to get component for id 'Certificate': Unable to get bean for id 'Certificate'
 WARN [2017-05-10 15:40:44,358] (ComponentFactory.java:getComponentBean:1149) - Unable to get component for id 'AuraDefinitionBundle': Unable to get bean for id 'AuraDefinitionBundle'
 WARN [2017-05-10 15:40:44,388] (ComponentFactory.java:getComponentBean:1149) - Unable to get component for id 'ExternalDataSource': Unable to get bean for id 'ExternalDataSource'
 WARN [2017-05-10 15:40:44,388] (ComponentFactory.java:getComponentBean:1149) - Unable to get component for id 'NamedCredential': Unable to get bean for id 'NamedCredential'
 WARN [2017-05-10 15:40:44,398] (ComponentFactory.java:getComponentBean:1149) - Unable to get component for id 'GlobalPicklist': Unable to get bean for id 'GlobalPicklist'
 WARN [2017-05-10 15:40:44,408] (ComponentFactory.java:getComponentBean:1149) - Unable to get component for id 'CustomFeedFilter': Unable to get bean for id 'CustomFeedFilter'
 WARN [2017-05-10 15:40:44,418] (ComponentFactory.java:getComponentBean:1149) - Unable to get component for id 'FlowDefinition': Unable to get bean for id 'FlowDefinition'
 WARN [2017-05-10 15:40:44,438] (ComponentFactory.java:getComponentBean:1149) - Unable to get component for id 'MatchingRules': Unable to get bean for id 'MatchingRules'
 WARN [2017-05-10 15:40:44,448] (ComponentFactory.java:getComponentBean:1149) - Unable to get component for id 'ChannelLayout': Unable to get bean for id 'ChannelLayout'
 WARN [2017-05-10 15:40:44,448] (ComponentFactory.java:getComponentBean:1149) - Unable to get component for id 'SharingRules': Unable to get bean for id 'SharingRules'
 WARN [2017-05-10 15:40:44,462] (ComponentFactory.java:getComponentBean:1149) - Unable to get component for id 'DelegateGroup': Unable to get bean for id 'DelegateGroup'
 WARN [2017-05-10 15:40:44,469] (ComponentFactory.java:getComponentBean:1149) - Unable to get component for id 'CorsWhitelistOrigin': Unable to get bean for id 'CorsWhitelistOrigin'
 WARN [2017-05-10 15:40:44,475] (ComponentFactory.java:getComponentBean:1149) - Unable to get component for id 'ActionLinkGroupTemplate': Unable to get bean for id 'ActionLinkGroupTemplate'
 WARN [2017-05-10 15:40:44,481] (ComponentFactory.java:getComponentBean:1149) - Unable to get component for id 'TransactionSecurityPolicy': Unable to get bean for id 'TransactionSecurityPolicy'
 WARN [2017-05-10 15:40:44,502] (ComponentFactory.java:getComponentBean:1149) - Unable to get component for id 'SynonymDictionary': Unable to get bean for id 'SynonymDictionary'
 WARN [2017-05-10 15:40:44,508] (ComponentFactory.java:getComponentBean:1149) - Unable to get component for id 'PathAssistant': Unable to get bean for id 'PathAssistant'
 WARN [2017-05-10 15:40:44,515] (ComponentFactory.java:getComponentBean:1149) - Unable to get component for id 'LeadConvertSettings': Unable to get bean for id 'LeadConvertSettings'
 WARN [2017-05-10 15:40:44,521] (ComponentFactory.java:getComponentBean:1149) - Unable to get component for id 'PlatformCachePartition': Unable to get bean for id 'PlatformCachePartition'
 WARN [2017-05-10 15:41:52,758] (ConnectionFactory.java:clearCache:220) - Clearing the following cached connections
 WARN [2017-05-10 15:41:52,768] (DescribeObjectRegistry.java:clearCache:663) - Clearing cached describes
 WARN [2017-05-10 15:41:52,778] (MetadataFactory.java:clearCache:128) - Clearing the following cached metadata stubs
 WARN [2017-05-10 16:01:12,375] (BaseRetryAspect.java:isLoginExceptionRetryable:115) - Login evaluation deemed exception not retry-able:
 LoginFault: Invalid username, password, security token; or user locked out.
 WARN [2017-05-10 16:01:12,404] (BaseRetryAspect.java:isConnectionExceptionRetryable:150) - Connection evaluation deemed exception not retry-able:
 LoginFault: Invalid username, password, security token; or user locked out.
 WARN [2017-05-10 16:01:12,411] (ProjectController.java:getRemotePackageNames:930) - Unable to get project packages for project 'FibonacciSeries': Invalid username, password, security token; or user locked out.
 WARN [2017-05-10 16:01:12,431] (ProjectOrganizationPage.java:prepareNextPage:263) - Unable to login: Invalid username, password, security token; or user locked out.
 WARN [2017-05-10 16:01:38,457] (ComponentFactory.java:getComponentBean:1149) - Unable to get component for id 'Certificate': Unable to get bean for id 'Certificate'
 WARN [2017-05-10 16:01:38,464] (ComponentFactory.java:getComponentBean:1149) - Unable to get component for id 'AuraDefinitionBundle': Unable to get bean for id 'AuraDefinitionBundle'
 WARN [2017-05-10 16:01:38,481] (ComponentFactory.java:getComponentBean:1149) - Unable to get component for id 'ExternalDataSource': Unable to get bean for id 'ExternalDataSource'
 WARN [2017-05-10 16:01:38,487] (ComponentFactory.java:getComponentBean:1149) - Unable to get component for id 'NamedCredential': Unable to get bean for id 'NamedCredential'
 WARN [2017-05-10 16:01:38,493] (ComponentFactory.java:getComponentBean:1149) - Unable to get component for id 'GlobalPicklist': Unable to get bean for id 'GlobalPicklist'
 WARN [2017-05-10 16:01:38,501] (ComponentFactory.java:getComponentBean:1149) - Unable to get component for id 'CustomFeedFilter': Unable to get bean for id 'CustomFeedFilter'
 WARN [2017-05-10 16:01:38,510] (ComponentFactory.java:getComponentBean:1149) - Unable to get component for id 'FlowDefinition': Unable to get bean for id 'FlowDefinition'
 WARN [2017-05-10 16:01:38,524] (ComponentFactory.java:getComponentBean:1149) - Unable to get component for id 'MatchingRules': Unable to get bean for id 'MatchingRules'
 WARN [2017-05-10 16:01:38,530] (ComponentFactory.java:getComponentBean:1149) - Unable to get component for id 'ChannelLayout': Unable to get bean for id 'ChannelLayout'
 WARN [2017-05-10 16:01:38,536] (ComponentFactory.java:getComponentBean:1149) - Unable to get component for id 'SharingRules': Unable to get bean for id 'SharingRules'
 WARN [2017-05-10 16:01:38,542] (ComponentFactory.java:getComponentBean:1149) - Unable to get component for id 'DelegateGroup': Unable to get bean for id 'DelegateGroup'
 WARN [2017-05-10 16:01:38,549] (ComponentFactory.java:getComponentBean:1149) - Unable to get component for id 'CorsWhitelistOrigin': Unable to get bean for id 'CorsWhitelistOrigin'
 WARN [2017-05-10 16:01:38,555] (ComponentFactory.java:getComponentBean:1149) - Unable to get component for id 'ActionLinkGroupTemplate': Unable to get bean for id 'ActionLinkGroupTemplate'
 WARN [2017-05-10 16:01:38,561] (ComponentFactory.java:getComponentBean:1149) - Unable to get component for id 'TransactionSecurityPolicy': Unable to get bean for id 'TransactionSecurityPolicy'
 WARN [2017-05-10 16:01:38,566] (ComponentFactory.java:getComponentBean:1149) - Unable to get component for id 'SynonymDictionary': Unable to get bean for id 'SynonymDictionary'
 WARN [2017-05-10 16:01:38,572] (ComponentFactory.java:getComponentBean:1149) - Unable to get component for id 'PathAssistant': Unable to get bean for id 'PathAssistant'
 WARN [2017-05-10 16:01:38,578] (ComponentFactory.java:getComponentBean:1149) - Unable to get component for id 'LeadConvertSettings': Unable to get bean for id 'LeadConvertSettings'
 WARN [2017-05-10 16:01:38,583] (ComponentFactory.java:getComponentBean:1149) - Unable to get component for id 'PlatformCachePartition': Unable to get bean for id 'PlatformCachePartition'
 WARN [2017-05-10 16:01:39,657] (ComponentFactory.java:getComponentBean:1149) - Unable to get component for id 'Certificate': Unable to get bean for id 'Certificate'
 WARN [2017-05-10 16:01:39,664] (ComponentFactory.java:getComponentBean:1149) - Unable to get component for id 'AuraDefinitionBundle': Unable to get bean for id 'AuraDefinitionBundle'
 WARN [2017-05-10 16:01:39,671] (ComponentFactory.java:getComponentBean:1149) - Unable to get component for id 'ExternalDataSource': Unable to get bean for id 'ExternalDataSource'
 WARN [2017-05-10 16:01:39,676] (ComponentFactory.java:getComponentBean:1149) - Unable to get component for id 'NamedCredential': Unable to get bean for id 'NamedCredential'
 WARN [2017-05-10 16:01:39,681] (ComponentFactory.java:getComponentBean:1149) - Unable to get component for id 'GlobalPicklist': Unable to get bean for id 'GlobalPicklist'
 WARN [2017-05-10 16:01:39,688] (ComponentFactory.java:getComponentBean:1149) - Unable to get component for id 'CustomFeedFilter': Unable to get bean for id 'CustomFeedFilter'
 WARN [2017-05-10 16:01:39,710] (ComponentFactory.java:getComponentBean:1149) - Unable to get component for id 'FlowDefinition': Unable to get bean for id 'FlowDefinition'
 WARN [2017-05-10 16:01:39,717] (ComponentFactory.java:getComponentBean:1149) - Unable to get component for id 'MatchingRules': Unable to get bean for id 'MatchingRules'
 WARN [2017-05-10 16:01:39,722] (ComponentFactory.java:getComponentBean:1149) - Unable to get component for id 'ChannelLayout': Unable to get bean for id 'ChannelLayout'
 WARN [2017-05-10 16:01:39,728] (ComponentFactory.java:getComponentBean:1149) - Unable to get component for id 'SharingRules': Unable to get bean for id 'SharingRules'
 WARN [2017-05-10 16:01:39,734] (ComponentFactory.java:getComponentBean:1149) - Unable to get component for id 'DelegateGroup': Unable to get bean for id 'DelegateGroup'
 WARN [2017-05-10 16:01:39,739] (ComponentFactory.java:getComponentBean:1149) - Unable to get component for id 'CorsWhitelistOrigin': Unable to get bean for id 'CorsWhitelistOrigin'
 WARN [2017-05-10 16:01:39,745] (ComponentFactory.java:getComponentBean:1149) - Unable to get component for id 'ActionLinkGroupTemplate': Unable to get bean for id 'ActionLinkGroupTemplate'
 WARN [2017-05-10 16:01:39,752] (ComponentFactory.java:getComponentBean:1149) - Unable to get component for id 'TransactionSecurityPolicy': Unable to get bean for id 'TransactionSecurityPolicy'
 WARN [2017-05-10 16:01:39,757] (ComponentFactory.java:getComponentBean:1149) - Unable to get component for id 'SynonymDictionary': Unable to get bean for id 'SynonymDictionary'
 WARN [2017-05-10 16:01:39,763] (ComponentFactory.java:getComponentBean:1149) - Unable to get component for id 'PathAssistant': Unable to get bean for id 'PathAssistant'
 WARN [2017-05-10 16:01:39,769] (ComponentFactory.java:getComponentBean:1149) - Unable to get component for id 'LeadConvertSettings': Unable to get bean for id 'LeadConvertSettings'
 WARN [2017-05-10 16:01:39,774] (ComponentFactory.java:getComponentBean:1149) - Unable to get component for id 'PlatformCachePartition': Unable to get bean for id 'PlatformCachePartition'
 WARN [2017-05-10 16:02:22,959] (ComponentFactory.java:getCompositeComponentFromComponent:1098) - Unable to load existing 'classes/FibonacciSeries.cls-meta.xml' from project - associated component's file resource is null.  Assuming new.
 WARN [2017-05-10 16:02:23,150] (ComponentController.java:deploy:447) - Remote save aborted - project is not online enabled
 WARN [2017-05-10 16:02:23,162] (Utils.java:loadDocument:800) - Unable to load document: C:\Users\noopur.naik\Desktop\Git_new\.metadata\.plugins\org.eclipse.core.resources\.projects\FibonacciSeries\com.salesforce.ide.core\packageCache.xml (The system cannot find the file specified)
 WARN [2017-05-10 16:02:23,172] (ComponentController.java:run:425) - Unable to update cache with new component Apex Class - cache is not found
 WARN [2017-05-10 16:02:23,356] (DefaultBuilder.java:applyDirtyMarkers:93) - TODO: apply 'Save locally only...' markers on each resource
 WARN [2017-05-10 16:25:56,231] (DefaultBuilder.java:applyDirtyMarkers:93) - TODO: apply 'Save locally only...' markers on each resource
 WARN [2017-05-10 16:26:11,781] (ProjectService.java:handleDeployResult:1917) - Save failed!
 WARN [2017-05-10 16:26:11,793] (ProjectService.java:handleRetrieveResult:2087) - Nothing to save to project - retrieve result is empty
 WARN [2017-05-10 16:26:46,518] (DefaultBuilder.java:applyDirtyMarkers:93) - TODO: apply 'Save locally only...' markers on each resource
 WARN [2017-05-10 16:31:32,881] (DefaultBuilder.java:applyDirtyMarkers:93) - TODO: apply 'Save locally only...' markers on each resource
 WARN [2017-05-10 17:21:12,876] (DefaultBuilder.java:applyDirtyMarkers:93) - TODO: apply 'Save locally only...' markers on each resource
 WARN [2017-05-10 17:22:28,411] (DefaultBuilder.java:applyDirtyMarkers:93) - TODO: apply 'Save locally only...' markers on each resource
 WARN [2017-05-10 17:25:34,743] (DefaultBuilder.java:applyDirtyMarkers:93) - TODO: apply 'Save locally only...' markers on each resource
 WARN [2017-05-10 17:26:15,724] (ProjectService.java:handleDeployResult:1917) - Save failed!
 WARN [2017-05-10 17:26:15,734] (ProjectService.java:handleRetrieveResult:2087) - Nothing to save to project - retrieve result is empty
 WARN [2017-05-10 17:26:48,370] (DefaultBuilder.java:applyDirtyMarkers:93) - TODO: apply 'Save locally only...' markers on each resource
 WARN [2017-05-10 17:33:41,664] (ComponentFactory.java:getComponentBean:1149) - Unable to get component for id 'Certificate': Unable to get bean for id 'Certificate'
 WARN [2017-05-10 17:33:41,707] (ComponentFactory.java:getComponentBean:1149) - Unable to get component for id 'AuraDefinitionBundle': Unable to get bean for id 'AuraDefinitionBundle'
 WARN [2017-05-10 17:33:41,721] (ComponentFactory.java:getComponentBean:1149) - Unable to get component for id 'ExternalDataSource': Unable to get bean for id 'ExternalDataSource'
 WARN [2017-05-10 17:33:41,728] (ComponentFactory.java:getComponentBean:1149) - Unable to get component for id 'NamedCredential': Unable to get bean for id 'NamedCredential'
 WARN [2017-05-10 17:33:41,738] (ComponentFactory.java:getComponentBean:1149) - Unable to get component for id 'GlobalPicklist': Unable to get bean for id 'GlobalPicklist'
 WARN [2017-05-10 17:33:41,785] (ComponentFactory.java:getComponentBean:1149) - Unable to get component for id 'CustomFeedFilter': Unable to get bean for id 'CustomFeedFilter'
 WARN [2017-05-10 17:33:41,805] (ComponentFactory.java:getComponentBean:1149) - Unable to get component for id 'FlowDefinition': Unable to get bean for id 'FlowDefinition'
 WARN [2017-05-10 17:33:41,833] (ComponentFactory.java:getComponentBean:1149) - Unable to get component for id 'MatchingRules': Unable to get bean for id 'MatchingRules'
 WARN [2017-05-10 17:33:41,843] (ComponentFactory.java:getComponentBean:1149) - Unable to get component for id 'ChannelLayout': Unable to get bean for id 'ChannelLayout'
 WARN [2017-05-10 17:33:41,850] (ComponentFactory.java:getComponentBean:1149) - Unable to get component for id 'SharingRules': Unable to get bean for id 'SharingRules'
 WARN [2017-05-10 17:33:41,861] (ComponentFactory.java:getComponentBean:1149) - Unable to get component for id 'DelegateGroup': Unable to get bean for id 'DelegateGroup'
 WARN [2017-05-10 17:33:41,877] (ComponentFactory.java:getComponentBean:1149) - Unable to get component for id 'CorsWhitelistOrigin': Unable to get bean for id 'CorsWhitelistOrigin'
 WARN [2017-05-10 17:33:41,882] (ComponentFactory.java:getComponentBean:1149) - Unable to get component for id 'ActionLinkGroupTemplate': Unable to get bean for id 'ActionLinkGroupTemplate'
 WARN [2017-05-10 17:33:41,889] (ComponentFactory.java:getComponentBean:1149) - Unable to get component for id 'TransactionSecurityPolicy': Unable to get bean for id 'TransactionSecurityPolicy'
 WARN [2017-05-10 17:33:41,894] (ComponentFactory.java:getComponentBean:1149) - Unable to get component for id 'SynonymDictionary': Unable to get bean for id 'SynonymDictionary'
 WARN [2017-05-10 17:33:41,903] (ComponentFactory.java:getComponentBean:1149) - Unable to get component for id 'PathAssistant': Unable to get bean for id 'PathAssistant'
 WARN [2017-05-10 17:33:41,909] (ComponentFactory.java:getComponentBean:1149) - Unable to get component for id 'LeadConvertSettings': Unable to get bean for id 'LeadConvertSettings'
 WARN [2017-05-10 17:33:41,916] (ComponentFactory.java:getComponentBean:1149) - Unable to get component for id 'PlatformCachePartition': Unable to get bean for id 'PlatformCachePartition'
 WARN [2017-05-10 17:33:42,929] (ComponentFactory.java:getComponentBean:1149) - Unable to get component for id 'Certificate': Unable to get bean for id 'Certificate'
 WARN [2017-05-10 17:33:42,939] (ComponentFactory.java:getComponentBean:1149) - Unable to get component for id 'AuraDefinitionBundle': Unable to get bean for id 'AuraDefinitionBundle'
 WARN [2017-05-10 17:33:42,949] (ComponentFactory.java:getComponentBean:1149) - Unable to get component for id 'ExternalDataSource': Unable to get bean for id 'ExternalDataSource'
 WARN [2017-05-10 17:33:42,949] (ComponentFactory.java:getComponentBean:1149) - Unable to get component for id 'NamedCredential': Unable to get bean for id 'NamedCredential'
 WARN [2017-05-10 17:33:42,959] (ComponentFactory.java:getComponentBean:1149) - Unable to get component for id 'GlobalPicklist': Unable to get bean for id 'GlobalPicklist'
 WARN [2017-05-10 17:33:42,969] (ComponentFactory.java:getComponentBean:1149) - Unable to get component for id 'CustomFeedFilter': Unable to get bean for id 'CustomFeedFilter'
 WARN [2017-05-10 17:33:42,979] (ComponentFactory.java:getComponentBean:1149) - Unable to get component for id 'FlowDefinition': Unable to get bean for id 'FlowDefinition'
 WARN [2017-05-10 17:33:42,989] (ComponentFactory.java:getComponentBean:1149) - Unable to get component for id 'MatchingRules': Unable to get bean for id 'MatchingRules'
 WARN [2017-05-10 17:33:43,000] (ComponentFactory.java:getComponentBean:1149) - Unable to get component for id 'ChannelLayout': Unable to get bean for id 'ChannelLayout'
 WARN [2017-05-10 17:33:43,006] (ComponentFactory.java:getComponentBean:1149) - Unable to get component for id 'SharingRules': Unable to get bean for id 'SharingRules'
 WARN [2017-05-10 17:33:43,012] (ComponentFactory.java:getComponentBean:1149) - Unable to get component for id 'DelegateGroup': Unable to get bean for id 'DelegateGroup'
 WARN [2017-05-10 17:33:43,018] (ComponentFactory.java:getComponentBean:1149) - Unable to get component for id 'CorsWhitelistOrigin': Unable to get bean for id 'CorsWhitelistOrigin'
 WARN [2017-05-10 17:33:43,025] (ComponentFactory.java:getComponentBean:1149) - Unable to get component for id 'ActionLinkGroupTemplate': Unable to get bean for id 'ActionLinkGroupTemplate'
 WARN [2017-05-10 17:33:43,030] (ComponentFactory.java:getComponentBean:1149) - Unable to get component for id 'TransactionSecurityPolicy': Unable to get bean for id 'TransactionSecurityPolicy'
 WARN [2017-05-10 17:33:43,044] (ComponentFactory.java:getComponentBean:1149) - Unable to get component for id 'SynonymDictionary': Unable to get bean for id 'SynonymDictionary'
 WARN [2017-05-10 17:33:43,049] (ComponentFactory.java:getComponentBean:1149) - Unable to get component for id 'PathAssistant': Unable to get bean for id 'PathAssistant'
 WARN [2017-05-10 17:33:43,055] (ComponentFactory.java:getComponentBean:1149) - Unable to get component for id 'LeadConvertSettings': Unable to get bean for id 'LeadConvertSettings'
 WARN [2017-05-10 17:33:43,060] (ComponentFactory.java:getComponentBean:1149) - Unable to get component for id 'PlatformCachePartition': Unable to get bean for id 'PlatformCachePartition'
 WARN [2017-05-10 17:37:27,101] (ComponentFactory.java:getCompositeComponentFromComponent:1098) - Unable to load existing 'classes/ReverseStirng.cls-meta.xml' from project - associated component's file resource is null.  Assuming new.
 WARN [2017-05-10 17:37:27,223] (ComponentController.java:deploy:447) - Remote save aborted - project is not online enabled
 WARN [2017-05-10 17:37:27,223] (Utils.java:loadDocument:800) - Unable to load document: C:\Users\noopur.naik\Desktop\Git_new\.metadata\.plugins\org.eclipse.core.resources\.projects\ReverseString\com.salesforce.ide.core\packageCache.xml (The system cannot find the file specified)
 WARN [2017-05-10 17:37:27,243] (ComponentController.java:run:425) - Unable to update cache with new component Apex Class - cache is not found
 WARN [2017-05-10 17:37:27,335] (DefaultBuilder.java:applyDirtyMarkers:93) - TODO: apply 'Save locally only...' markers on each resource
 WARN [2017-05-10 17:54:53,333] (DefaultBuilder.java:applyDirtyMarkers:93) - TODO: apply 'Save locally only...' markers on each resource
 WARN [2017-05-10 17:55:29,543] (DefaultBuilder.java:applyDirtyMarkers:93) - TODO: apply 'Save locally only...' markers on each resource
 WARN [2017-05-10 17:56:30,416] (DefaultBuilder.java:applyDirtyMarkers:93) - TODO: apply 'Save locally only...' markers on each resource
 WARN [2017-05-10 17:59:31,636] (ComponentFactory.java:getComponentBean:1149) - Unable to get component for id 'Certificate': Unable to get bean for id 'Certificate'
 WARN [2017-05-10 17:59:31,666] (ComponentFactory.java:getComponentBean:1149) - Unable to get component for id 'AuraDefinitionBundle': Unable to get bean for id 'AuraDefinitionBundle'
 WARN [2017-05-10 17:59:31,676] (ComponentFactory.java:getComponentBean:1149) - Unable to get component for id 'ExternalDataSource': Unable to get bean for id 'ExternalDataSource'
 WARN [2017-05-10 17:59:31,676] (ComponentFactory.java:getComponentBean:1149) - Unable to get component for id 'NamedCredential': Unable to get bean for id 'NamedCredential'
 WARN [2017-05-10 17:59:31,694] (ComponentFactory.java:getComponentBean:1149) - Unable to get component for id 'GlobalPicklist': Unable to get bean for id 'GlobalPicklist'
 WARN [2017-05-10 17:59:31,707] (ComponentFactory.java:getComponentBean:1149) - Unable to get component for id 'CustomFeedFilter': Unable to get bean for id 'CustomFeedFilter'
 WARN [2017-05-10 17:59:31,727] (ComponentFactory.java:getComponentBean:1149) - Unable to get component for id 'FlowDefinition': Unable to get bean for id 'FlowDefinition'
 WARN [2017-05-10 17:59:31,742] (ComponentFactory.java:getComponentBean:1149) - Unable to get component for id 'MatchingRules': Unable to get bean for id 'MatchingRules'
 WARN [2017-05-10 17:59:31,748] (ComponentFactory.java:getComponentBean:1149) - Unable to get component for id 'ChannelLayout': Unable to get bean for id 'ChannelLayout'
 WARN [2017-05-10 17:59:31,748] (ComponentFactory.java:getComponentBean:1149) - Unable to get component for id 'SharingRules': Unable to get bean for id 'SharingRules'
 WARN [2017-05-10 17:59:31,758] (ComponentFactory.java:getComponentBean:1149) - Unable to get component for id 'DelegateGroup': Unable to get bean for id 'DelegateGroup'
 WARN [2017-05-10 17:59:31,768] (ComponentFactory.java:getComponentBean:1149) - Unable to get component for id 'CorsWhitelistOrigin': Unable to get bean for id 'CorsWhitelistOrigin'
 WARN [2017-05-10 17:59:31,768] (ComponentFactory.java:getComponentBean:1149) - Unable to get component for id 'ActionLinkGroupTemplate': Unable to get bean for id 'ActionLinkGroupTemplate'
 WARN [2017-05-10 17:59:31,778] (ComponentFactory.java:getComponentBean:1149) - Unable to get component for id 'TransactionSecurityPolicy': Unable to get bean for id 'TransactionSecurityPolicy'
 WARN [2017-05-10 17:59:31,778] (ComponentFactory.java:getComponentBean:1149) - Unable to get component for id 'SynonymDictionary': Unable to get bean for id 'SynonymDictionary'
 WARN [2017-05-10 17:59:31,778] (ComponentFactory.java:getComponentBean:1149) - Unable to get component for id 'PathAssistant': Unable to get bean for id 'PathAssistant'
 WARN [2017-05-10 17:59:31,788] (ComponentFactory.java:getComponentBean:1149) - Unable to get component for id 'LeadConvertSettings': Unable to get bean for id 'LeadConvertSettings'
 WARN [2017-05-10 17:59:31,788] (ComponentFactory.java:getComponentBean:1149) - Unable to get component for id 'PlatformCachePartition': Unable to get bean for id 'PlatformCachePartition'
 WARN [2017-05-10 17:59:32,926] (ComponentFactory.java:getComponentBean:1149) - Unable to get component for id 'Certificate': Unable to get bean for id 'Certificate'
 WARN [2017-05-10 17:59:32,936] (ComponentFactory.java:getComponentBean:1149) - Unable to get component for id 'AuraDefinitionBundle': Unable to get bean for id 'AuraDefinitionBundle'
 WARN [2017-05-10 17:59:32,946] (ComponentFactory.java:getComponentBean:1149) - Unable to get component for id 'ExternalDataSource': Unable to get bean for id 'ExternalDataSource'
 WARN [2017-05-10 17:59:32,956] (ComponentFactory.java:getComponentBean:1149) - Unable to get component for id 'NamedCredential': Unable to get bean for id 'NamedCredential'
 WARN [2017-05-10 17:59:32,956] (ComponentFactory.java:getComponentBean:1149) - Unable to get component for id 'GlobalPicklist': Unable to get bean for id 'GlobalPicklist'
 WARN [2017-05-10 17:59:32,966] (ComponentFactory.java:getComponentBean:1149) - Unable to get component for id 'CustomFeedFilter': Unable to get bean for id 'CustomFeedFilter'
 WARN [2017-05-10 17:59:32,976] (ComponentFactory.java:getComponentBean:1149) - Unable to get component for id 'FlowDefinition': Unable to get bean for id 'FlowDefinition'
 WARN [2017-05-10 17:59:32,986] (ComponentFactory.java:getComponentBean:1149) - Unable to get component for id 'MatchingRules': Unable to get bean for id 'MatchingRules'
 WARN [2017-05-10 17:59:32,986] (ComponentFactory.java:getComponentBean:1149) - Unable to get component for id 'ChannelLayout': Unable to get bean for id 'ChannelLayout'
 WARN [2017-05-10 17:59:32,996] (ComponentFactory.java:getComponentBean:1149) - Unable to get component for id 'SharingRules': Unable to get bean for id 'SharingRules'
 WARN [2017-05-10 17:59:33,006] (ComponentFactory.java:getComponentBean:1149) - Unable to get component for id 'DelegateGroup': Unable to get bean for id 'DelegateGroup'
 WARN [2017-05-10 17:59:33,006] (ComponentFactory.java:getComponentBean:1149) - Unable to get component for id 'CorsWhitelistOrigin': Unable to get bean for id 'CorsWhitelistOrigin'
 WARN [2017-05-10 17:59:33,016] (ComponentFactory.java:getComponentBean:1149) - Unable to get component for id 'ActionLinkGroupTemplate': Unable to get bean for id 'ActionLinkGroupTemplate'
 WARN [2017-05-10 17:59:33,016] (ComponentFactory.java:getComponentBean:1149) - Unable to get component for id 'TransactionSecurityPolicy': Unable to get bean for id 'TransactionSecurityPolicy'
 WARN [2017-05-10 17:59:33,026] (ComponentFactory.java:getComponentBean:1149) - Unable to get component for id 'SynonymDictionary': Unable to get bean for id 'SynonymDictionary'
 WARN [2017-05-10 17:59:33,026] (ComponentFactory.java:getComponentBean:1149) - Unable to get component for id 'PathAssistant': Unable to get bean for id 'PathAssistant'
 WARN [2017-05-10 17:59:33,038] (ComponentFactory.java:getComponentBean:1149) - Unable to get component for id 'LeadConvertSettings': Unable to get bean for id 'LeadConvertSettings'
 WARN [2017-05-10 17:59:33,038] (ComponentFactory.java:getComponentBean:1149) - Unable to get component for id 'PlatformCachePartition': Unable to get bean for id 'PlatformCachePartition'
 WARN [2017-05-10 18:00:22,770] (ComponentFactory.java:getCompositeComponentFromComponent:1098) - Unable to load existing 'classes/ReverseString.cls-meta.xml' from project - associated component's file resource is null.  Assuming new.
 WARN [2017-05-10 18:00:22,880] (ComponentController.java:deploy:447) - Remote save aborted - project is not online enabled
 WARN [2017-05-10 18:00:22,880] (Utils.java:loadDocument:800) - Unable to load document: C:\Users\noopur.naik\Desktop\Git_new\.metadata\.plugins\org.eclipse.core.resources\.projects\ProgrammaticModel1\com.salesforce.ide.core\packageCache.xml (The system cannot find the file specified)
 WARN [2017-05-10 18:00:22,890] (ComponentController.java:run:425) - Unable to update cache with new component Apex Class - cache is not found
 WARN [2017-05-10 18:00:22,992] (DefaultBuilder.java:applyDirtyMarkers:93) - TODO: apply 'Save locally only...' markers on each resource
ERROR [2017-05-10 18:05:45,574] (ProjectPackageList.java:generateComponents:483) - Filepath-zip mapping is null or empty for package 'unpackaged' [null] - skipping component generation
 WARN [2017-05-10 18:06:41,865] (DefaultBuilder.java:applyDirtyMarkers:93) - TODO: apply 'Save locally only...' markers on each resource
 WARN [2017-05-10 18:13:03,124] (DefaultBuilder.java:applyDirtyMarkers:93) - TODO: apply 'Save locally only...' markers on each resource
 WARN [2017-05-10 18:13:28,060] (ProjectService.java:handleDeployResult:1917) - Save failed!
 WARN [2017-05-10 18:13:28,070] (ProjectService.java:handleRetrieveResult:2087) - Nothing to save to project - retrieve result is empty
 WARN [2017-05-10 18:14:02,901] (DefaultBuilder.java:applyDirtyMarkers:93) - TODO: apply 'Save locally only...' markers on each resource
 WARN [2017-05-10 18:15:53,814] (DefaultBuilder.java:applyDirtyMarkers:93) - TODO: apply 'Save locally only...' markers on each resource
 WARN [2017-05-10 18:16:08,275] (ProjectService.java:handleDeployResult:1917) - Save failed!
 WARN [2017-05-10 18:16:08,285] (ProjectService.java:handleRetrieveResult:2087) - Nothing to save to project - retrieve result is empty
 WARN [2017-05-10 18:16:17,870] (DefaultBuilder.java:applyDirtyMarkers:93) - TODO: apply 'Save locally only...' markers on each resource
 WARN [2017-05-10 18:17:51,003] (ComponentFactory.java:getCompositeComponentFromComponent:1098) - Unable to load existing 'classes/ReverseString.cls-meta.xml' from project - associated component's file resource is null.  Assuming new.
 WARN [2017-05-10 18:17:51,125] (ComponentController.java:deploy:447) - Remote save aborted - project is not online enabled
 WARN [2017-05-10 18:17:51,125] (Utils.java:loadDocument:800) - Unable to load document: C:\Users\noopur.naik\Desktop\Git_new\.metadata\.plugins\org.eclipse.core.resources\.projects\ProgrammaticModel1\com.salesforce.ide.core\packageCache.xml (The system cannot find the file specified)
 WARN [2017-05-10 18:17:51,135] (ComponentController.java:run:425) - Unable to update cache with new component Apex Class - cache is not found
 WARN [2017-05-10 18:17:51,285] (DefaultBuilder.java:applyDirtyMarkers:93) - TODO: apply 'Save locally only...' markers on each resource
 WARN [2017-05-10 18:19:07,813] (ProjectService.java:getComponentFileForFilePath:747) - Resource not found or not a file for filepath 'src/classes/ReverseStirng.cls-meta.xml'
ERROR [2017-05-10 18:19:07,823] (ComponentList.java:add:354) - Component composite file not found at filepath 'classes/ReverseStirng.cls-meta.xml' for component ApexClass 'classes/ReverseStirng.cls' [unpackaged]
 WARN [2017-05-10 18:19:25,016] (DefaultBuilder.java:applyDirtyMarkers:93) - TODO: apply 'Save locally only...' markers on each resource
 WARN [2017-05-10 18:21:05,271] (ComponentFactory.java:getComponentBean:1149) - Unable to get component for id 'Certificate': Unable to get bean for id 'Certificate'
 WARN [2017-05-10 18:21:05,291] (ComponentFactory.java:getComponentBean:1149) - Unable to get component for id 'AuraDefinitionBundle': Unable to get bean for id 'AuraDefinitionBundle'
 WARN [2017-05-10 18:21:05,301] (ComponentFactory.java:getComponentBean:1149) - Unable to get component for id 'ExternalDataSource': Unable to get bean for id 'ExternalDataSource'
 WARN [2017-05-10 18:21:05,311] (ComponentFactory.java:getComponentBean:1149) - Unable to get component for id 'NamedCredential': Unable to get bean for id 'NamedCredential'
 WARN [2017-05-10 18:21:05,321] (ComponentFactory.java:getComponentBean:1149) - Unable to get component for id 'GlobalPicklist': Unable to get bean for id 'GlobalPicklist'
 WARN [2017-05-10 18:21:05,331] (ComponentFactory.java:getComponentBean:1149) - Unable to get component for id 'CustomFeedFilter': Unable to get bean for id 'CustomFeedFilter'
 WARN [2017-05-10 18:21:05,341] (ComponentFactory.java:getComponentBean:1149) - Unable to get component for id 'FlowDefinition': Unable to get bean for id 'FlowDefinition'
 WARN [2017-05-10 18:21:05,361] (ComponentFactory.java:getComponentBean:1149) - Unable to get component for id 'MatchingRules': Unable to get bean for id 'MatchingRules'
 WARN [2017-05-10 18:21:05,371] (ComponentFactory.java:getComponentBean:1149) - Unable to get component for id 'ChannelLayout': Unable to get bean for id 'ChannelLayout'
 WARN [2017-05-10 18:21:05,381] (ComponentFactory.java:getComponentBean:1149) - Unable to get component for id 'SharingRules': Unable to get bean for id 'SharingRules'
 WARN [2017-05-10 18:21:05,391] (ComponentFactory.java:getComponentBean:1149) - Unable to get component for id 'DelegateGroup': Unable to get bean for id 'DelegateGroup'
 WARN [2017-05-10 18:21:05,391] (ComponentFactory.java:getComponentBean:1149) - Unable to get component for id 'CorsWhitelistOrigin': Unable to get bean for id 'CorsWhitelistOrigin'
 WARN [2017-05-10 18:21:05,401] (ComponentFactory.java:getComponentBean:1149) - Unable to get component for id 'ActionLinkGroupTemplate': Unable to get bean for id 'ActionLinkGroupTemplate'
 WARN [2017-05-10 18:21:05,412] (ComponentFactory.java:getComponentBean:1149) - Unable to get component for id 'TransactionSecurityPolicy': Unable to get bean for id 'TransactionSecurityPolicy'
 WARN [2017-05-10 18:21:05,426] (ComponentFactory.java:getComponentBean:1149) - Unable to get component for id 'SynonymDictionary': Unable to get bean for id 'SynonymDictionary'
 WARN [2017-05-10 18:21:05,431] (ComponentFactory.java:getComponentBean:1149) - Unable to get component for id 'PathAssistant': Unable to get bean for id 'PathAssistant'
 WARN [2017-05-10 18:21:05,436] (ComponentFactory.java:getComponentBean:1149) - Unable to get component for id 'LeadConvertSettings': Unable to get bean for id 'LeadConvertSettings'
 WARN [2017-05-10 18:21:05,444] (ComponentFactory.java:getComponentBean:1149) - Unable to get component for id 'PlatformCachePartition': Unable to get bean for id 'PlatformCachePartition'
 WARN [2017-05-10 18:21:06,545] (ComponentFactory.java:getComponentBean:1149) - Unable to get component for id 'Certificate': Unable to get bean for id 'Certificate'
 WARN [2017-05-10 18:21:06,555] (ComponentFactory.java:getComponentBean:1149) - Unable to get component for id 'AuraDefinitionBundle': Unable to get bean for id 'AuraDefinitionBundle'
 WARN [2017-05-10 18:21:06,565] (ComponentFactory.java:getComponentBean:1149) - Unable to get component for id 'ExternalDataSource': Unable to get bean for id 'ExternalDataSource'
 WARN [2017-05-10 18:21:06,575] (ComponentFactory.java:getComponentBean:1149) - Unable to get component for id 'NamedCredential': Unable to get bean for id 'NamedCredential'
 WARN [2017-05-10 18:21:06,575] (ComponentFactory.java:getComponentBean:1149) - Unable to get component for id 'GlobalPicklist': Unable to get bean for id 'GlobalPicklist'
 WARN [2017-05-10 18:21:06,585] (ComponentFactory.java:getComponentBean:1149) - Unable to get component for id 'CustomFeedFilter': Unable to get bean for id 'CustomFeedFilter'
 WARN [2017-05-10 18:21:06,595] (ComponentFactory.java:getComponentBean:1149) - Unable to get component for id 'FlowDefinition': Unable to get bean for id 'FlowDefinition'
 WARN [2017-05-10 18:21:06,595] (ComponentFactory.java:getComponentBean:1149) - Unable to get component for id 'MatchingRules': Unable to get bean for id 'MatchingRules'
 WARN [2017-05-10 18:21:06,605] (ComponentFactory.java:getComponentBean:1149) - Unable to get component for id 'ChannelLayout': Unable to get bean for id 'ChannelLayout'
 WARN [2017-05-10 18:21:06,615] (ComponentFactory.java:getComponentBean:1149) - Unable to get component for id 'SharingRules': Unable to get bean for id 'SharingRules'
 WARN [2017-05-10 18:21:06,615] (ComponentFactory.java:getComponentBean:1149) - Unable to get component for id 'DelegateGroup': Unable to get bean for id 'DelegateGroup'
 WARN [2017-05-10 18:21:06,625] (ComponentFactory.java:getComponentBean:1149) - Unable to get component for id 'CorsWhitelistOrigin': Unable to get bean for id 'CorsWhitelistOrigin'
 WARN [2017-05-10 18:21:06,625] (ComponentFactory.java:getComponentBean:1149) - Unable to get component for id 'ActionLinkGroupTemplate': Unable to get bean for id 'ActionLinkGroupTemplate'
 WARN [2017-05-10 18:21:06,635] (ComponentFactory.java:getComponentBean:1149) - Unable to get component for id 'TransactionSecurityPolicy': Unable to get bean for id 'TransactionSecurityPolicy'
 WARN [2017-05-10 18:21:06,635] (ComponentFactory.java:getComponentBean:1149) - Unable to get component for id 'SynonymDictionary': Unable to get bean for id 'SynonymDictionary'
 WARN [2017-05-10 18:21:06,645] (ComponentFactory.java:getComponentBean:1149) - Unable to get component for id 'PathAssistant': Unable to get bean for id 'PathAssistant'
 WARN [2017-05-10 18:21:06,645] (ComponentFactory.java:getComponentBean:1149) - Unable to get component for id 'LeadConvertSettings': Unable to get bean for id 'LeadConvertSettings'
 WARN [2017-05-10 18:21:06,655] (ComponentFactory.java:getComponentBean:1149) - Unable to get component for id 'PlatformCachePartition': Unable to get bean for id 'PlatformCachePartition'
 WARN [2017-05-10 18:22:35,606] (ComponentFactory.java:getCompositeComponentFromComponent:1098) - Unable to load existing 'classes/ReverseString.cls-meta.xml' from project - associated component's file resource is null.  Assuming new.
 WARN [2017-05-10 18:22:35,705] (ComponentController.java:deploy:447) - Remote save aborted - project is not online enabled
 WARN [2017-05-10 18:22:35,711] (Utils.java:loadDocument:800) - Unable to load document: C:\Users\noopur.naik\Desktop\Git_new\.metadata\.plugins\org.eclipse.core.resources\.projects\ProgramaticModelFirst\com.salesforce.ide.core\packageCache.xml (The system cannot find the file specified)
 WARN [2017-05-10 18:22:35,719] (ComponentController.java:run:425) - Unable to update cache with new component Apex Class - cache is not found
 WARN [2017-05-10 18:22:35,831] (DefaultBuilder.java:applyDirtyMarkers:93) - TODO: apply 'Save locally only...' markers on each resource
 WARN [2017-05-10 18:25:04,262] (DefaultBuilder.java:applyDirtyMarkers:93) - TODO: apply 'Save locally only...' markers on each resource
 WARN [2017-05-10 18:27:00,213] (DefaultBuilder.java:applyDirtyMarkers:93) - TODO: apply 'Save locally only...' markers on each resource
 WARN [2017-05-10 18:28:34,772] (DefaultBuilder.java:applyDirtyMarkers:93) - TODO: apply 'Save locally only...' markers on each resource
 WARN [2017-05-10 18:33:18,842] (ComponentFactory.java:getCompositeComponentFromComponent:1098) - Unable to load existing 'classes/StringOperations.cls-meta.xml' from project - associated component's file resource is null.  Assuming new.
 WARN [2017-05-10 18:33:18,944] (ComponentController.java:deploy:447) - Remote save aborted - project is not online enabled
 WARN [2017-05-10 18:33:18,954] (Utils.java:loadDocument:800) - Unable to load document: C:\Users\noopur.naik\Desktop\Git_new\.metadata\.plugins\org.eclipse.core.resources\.projects\ProgramaticModelFirst\com.salesforce.ide.core\packageCache.xml (The system cannot find the file specified)
 WARN [2017-05-10 18:33:18,964] (ComponentController.java:run:425) - Unable to update cache with new component Apex Class - cache is not found
 WARN [2017-05-10 18:33:19,084] (DefaultBuilder.java:applyDirtyMarkers:93) - TODO: apply 'Save locally only...' markers on each resource
 WARN [2017-05-10 20:59:58,088] (DefaultBuilder.java:applyDirtyMarkers:93) - TODO: apply 'Save locally only...' markers on each resource
 WARN [2017-05-10 21:00:50,896] (DefaultBuilder.java:applyDirtyMarkers:93) - TODO: apply 'Save locally only...' markers on each resource
 WARN [2017-05-10 21:00:52,212] (ConnectionFactory.java:clearCache:220) - Clearing the following cached connections
 WARN [2017-05-10 21:00:52,222] (DescribeObjectRegistry.java:clearCache:663) - Clearing cached describes
 WARN [2017-05-10 21:00:52,232] (MetadataFactory.java:clearCache:128) - Clearing the following cached metadata stubs
 WARN [2017-05-10 21:01:45,984] (DefaultBuilder.java:applyDirtyMarkers:93) - TODO: apply 'Save locally only...' markers on each resource
ERROR [2017-05-10 21:01:54,436] (ProjectPackageList.java:generateComponents:483) - Filepath-zip mapping is null or empty for package 'unpackaged' [null] - skipping component generation
 WARN [2017-05-11 14:16:33,137] (DefaultBuilder.java:applyDirtyMarkers:93) - TODO: apply 'Save locally only...' markers on each resource
 WARN [2017-05-11 14:19:37,585] (DefaultBuilder.java:applyDirtyMarkers:93) - TODO: apply 'Save locally only...' markers on each resource
 WARN [2017-05-11 14:19:45,280] (DefaultBuilder.java:applyDirtyMarkers:93) - TODO: apply 'Save locally only...' markers on each resource
 WARN [2017-05-11 14:27:07,290] (DefaultBuilder.java:applyDirtyMarkers:93) - TODO: apply 'Save locally only...' markers on each resource
 WARN [2017-05-11 14:27:47,160] (DefaultBuilder.java:applyDirtyMarkers:93) - TODO: apply 'Save locally only...' markers on each resource
 WARN [2017-05-11 14:29:05,674] (DefaultBuilder.java:applyDirtyMarkers:93) - TODO: apply 'Save locally only...' markers on each resource
 WARN [2017-05-11 14:30:54,166] (DefaultBuilder.java:applyDirtyMarkers:93) - TODO: apply 'Save locally only...' markers on each resource
 WARN [2017-05-11 14:42:59,518] (DefaultBuilder.java:applyDirtyMarkers:93) - TODO: apply 'Save locally only...' markers on each resource
 WARN [2017-05-11 14:43:19,094] (ProjectService.java:handleDeployResult:1917) - Save failed!
 WARN [2017-05-11 14:43:19,104] (ProjectService.java:handleRetrieveResult:2087) - Nothing to save to project - retrieve result is empty
 WARN [2017-05-11 14:44:18,653] (DefaultBuilder.java:applyDirtyMarkers:93) - TODO: apply 'Save locally only...' markers on each resource
 WARN [2017-05-11 14:44:40,991] (ProjectService.java:handleDeployResult:1917) - Save failed!
 WARN [2017-05-11 14:44:41,020] (ProjectService.java:handleRetrieveResult:2087) - Nothing to save to project - retrieve result is empty
 WARN [2017-05-11 14:47:20,313] (DefaultBuilder.java:applyDirtyMarkers:93) - TODO: apply 'Save locally only...' markers on each resource
 WARN [2017-05-11 14:49:54,496] (DefaultBuilder.java:applyDirtyMarkers:93) - TODO: apply 'Save locally only...' markers on each resource
 WARN [2017-05-11 14:52:19,066] (DefaultBuilder.java:applyDirtyMarkers:93) - TODO: apply 'Save locally only...' markers on each resource
 WARN [2017-05-11 14:53:52,123] (DefaultBuilder.java:applyDirtyMarkers:93) - TODO: apply 'Save locally only...' markers on each resource
 WARN [2017-05-11 14:58:34,193] (DefaultBuilder.java:applyDirtyMarkers:93) - TODO: apply 'Save locally only...' markers on each resource
 WARN [2017-05-11 15:01:43,266] (DefaultBuilder.java:applyDirtyMarkers:93) - TODO: apply 'Save locally only...' markers on each resource
 WARN [2017-05-11 15:05:24,751] (DefaultBuilder.java:applyDirtyMarkers:93) - TODO: apply 'Save locally only...' markers on each resource
 WARN [2017-05-11 15:08:30,747] (ComponentFactory.java:getCompositeComponentFromComponent:1098) - Unable to load existing 'classes/CountingCharacters.cls-meta.xml' from project - associated component's file resource is null.  Assuming new.
 WARN [2017-05-11 15:08:30,887] (ComponentController.java:deploy:447) - Remote save aborted - project is not online enabled
 WARN [2017-05-11 15:08:30,897] (Utils.java:loadDocument:800) - Unable to load document: C:\Users\noopur.naik\Desktop\Git_new\.metadata\.plugins\org.eclipse.core.resources\.projects\ProgramaticModelFirst\com.salesforce.ide.core\packageCache.xml (The system cannot find the file specified)
 WARN [2017-05-11 15:08:30,897] (ComponentController.java:run:425) - Unable to update cache with new component Apex Class - cache is not found
 WARN [2017-05-11 15:08:31,047] (DefaultBuilder.java:applyDirtyMarkers:93) - TODO: apply 'Save locally only...' markers on each resource
 WARN [2017-05-11 16:19:08,506] (DefaultBuilder.java:applyDirtyMarkers:93) - TODO: apply 'Save locally only...' markers on each resource
 WARN [2017-05-11 16:19:21,865] (BaseRetryAspect.java:isLoginExceptionRetryable:115) - Login evaluation deemed exception not retry-able:
 UnexpectedErrorFault: Destination URL not reset. The URL returned from login must be set in the SforceService
 WARN [2017-05-11 16:19:21,875] (BaseRetryAspect.java:isConnectionExceptionRetryable:150) - Connection evaluation deemed exception not retry-able:
 UnexpectedErrorFault: Destination URL not reset. The URL returned from login must be set in the SforceService
 WARN [2017-05-11 16:19:21,896] (ActionController.java:syncCheck:198) - Unable to perform sync check: Destination URL not reset. The URL returned from login must be set in the SforceService
 WARN [2017-05-11 16:19:39,369] (BaseRetryAspect.java:isLoginExceptionRetryable:115) - Login evaluation deemed exception not retry-able:
 UnexpectedErrorFault: Destination URL not reset. The URL returned from login must be set in the SforceService
 WARN [2017-05-11 16:19:39,377] (BaseRetryAspect.java:isConnectionExceptionRetryable:150) - Connection evaluation deemed exception not retry-able:
 UnexpectedErrorFault: Destination URL not reset. The URL returned from login must be set in the SforceService
ERROR [2017-05-11 16:19:39,388] (SaveToServerHandler.java:fetchRemoteComponents:109) - Unable to save resource(s)
[UnexpectedErrorFault [ApiFault  exceptionCode='UNKNOWN_EXCEPTION'
 exceptionMessage='Destination URL not reset. The URL returned from login must be set in the SforceService'
 upgradeURL='null'
 upgradeMessage='null'
]
]

	at sun.reflect.NativeConstructorAccessorImpl.newInstance0(Native Method)
	at sun.reflect.NativeConstructorAccessorImpl.newInstance(Unknown Source)
	at sun.reflect.DelegatingConstructorAccessorImpl.newInstance(Unknown Source)
	at java.lang.reflect.Constructor.newInstance(Unknown Source)
	at java.lang.Class.newInstance(Unknown Source)
	at com.sforce.ws.bind.TypeMapper.readSingle(TypeMapper.java:652)
	at com.sforce.ws.bind.TypeMapper.readObject(TypeMapper.java:529)
	at com.sforce.ws.transport.SoapConnection.parseDetail(SoapConnection.java:236)
	at com.sforce.ws.transport.SoapConnection.createException(SoapConnection.java:210)
	at com.sforce.ws.transport.SoapConnection.receive(SoapConnection.java:156)
	at com.sforce.ws.transport.SoapConnection.send(SoapConnection.java:99)
	at com.sforce.soap.partner.wsc.PartnerConnection.getUserInfo(PartnerConnection.java:923)
	at com.salesforce.ide.core.remote.Connection.login(Connection.java:283)
	at com.salesforce.ide.core.remote.Connection.relogin(Connection.java:430)
	at com.salesforce.ide.core.remote.Connection$$FastClassByCGLIB$$8e61a81d.invoke(<generated>)
	at net.sf.cglib.proxy.MethodProxy.invoke(MethodProxy.java:149)
	at org.springframework.aop.framework.Cglib2AopProxy$CglibMethodInvocation.invokeJoinpoint(Cglib2AopProxy.java:700)
	at org.springframework.aop.framework.ReflectiveMethodInvocation.proceed(ReflectiveMethodInvocation.java:149)
	at org.springframework.aop.aspectj.MethodInvocationProceedingJoinPoint.proceed(MethodInvocationProceedingJoinPoint.java:77)
	at com.salesforce.ide.core.internal.aspects.LoginRetryAspect.loginRetry(LoginRetryAspect.java:34)
	at sun.reflect.NativeMethodAccessorImpl.invoke0(Native Method)
	at sun.reflect.NativeMethodAccessorImpl.invoke(Unknown Source)
	at sun.reflect.DelegatingMethodAccessorImpl.invoke(Unknown Source)
	at java.lang.reflect.Method.invoke(Unknown Source)
	at org.springframework.aop.aspectj.AbstractAspectJAdvice.invokeAdviceMethodWithGivenArgs(AbstractAspectJAdvice.java:627)
	at org.springframework.aop.aspectj.AbstractAspectJAdvice.invokeAdviceMethod(AbstractAspectJAdvice.java:616)
	at org.springframework.aop.aspectj.AspectJAroundAdvice.invoke(AspectJAroundAdvice.java:64)
	at org.springframework.aop.framework.ReflectiveMethodInvocation.proceed(ReflectiveMethodInvocation.java:171)
	at org.springframework.aop.framework.adapter.MethodBeforeAdviceInterceptor.invoke(MethodBeforeAdviceInterceptor.java:50)
	at org.springframework.aop.framework.ReflectiveMethodInvocation.proceed(ReflectiveMethodInvocation.java:171)
	at org.springframework.aop.interceptor.ExposeInvocationInterceptor.invoke(ExposeInvocationInterceptor.java:90)
	at org.springframework.aop.framework.ReflectiveMethodInvocation.proceed(ReflectiveMethodInvocation.java:171)
	at org.springframework.aop.framework.Cglib2AopProxy$DynamicAdvisedInterceptor.intercept(Cglib2AopProxy.java:635)
	at com.salesforce.ide.core.remote.Connection$$EnhancerByCGLIB$$965db315.relogin(<generated>)
	at com.salesforce.ide.core.factories.ConnectionFactory.getConnection(ConnectionFactory.java:142)
	at com.salesforce.ide.core.factories.ConnectionFactory.getConnection(ConnectionFactory.java:157)
	at com.salesforce.ide.core.services.PackageDeployService.deploy(PackageDeployService.java:123)
	at com.salesforce.ide.ui.actions.SaveToServerActionController.deploy(SaveToServerActionController.java:136)
	at com.salesforce.ide.ui.actions.SaveToServerActionController.saveResourcesToServer(SaveToServerActionController.java:121)
	at com.salesforce.ide.ui.handlers.SaveToServerHandler$1.execute(SaveToServerHandler.java:78)
	at org.eclipse.ui.actions.WorkspaceModifyOperation$1.run(WorkspaceModifyOperation.java:106)
	at org.eclipse.core.internal.resources.Workspace.run(Workspace.java:2345)
	at org.eclipse.ui.actions.WorkspaceModifyOperation.run(WorkspaceModifyOperation.java:118)
	at org.eclipse.jface.operation.ModalContext$ModalContextThread.run(ModalContext.java:121)
 WARN [2017-05-11 16:19:47,271] (BaseRetryAspect.java:isLoginExceptionRetryable:115) - Login evaluation deemed exception not retry-able:
 UnexpectedErrorFault: Destination URL not reset. The URL returned from login must be set in the SforceService
 WARN [2017-05-11 16:19:47,278] (BaseRetryAspect.java:isConnectionExceptionRetryable:150) - Connection evaluation deemed exception not retry-able:
 UnexpectedErrorFault: Destination URL not reset. The URL returned from login must be set in the SforceService
ERROR [2017-05-11 16:19:47,285] (ComponentSubscriber.java:loadRemoteComponents:70) - Unable to load synchronize with server: Destination URL not reset. The URL returned from login must be set in the SforceService
ERROR [2017-05-11 16:19:47,293] (SynchronizeHandler.java:sync:138) - Unable to synchronize resources with server
[UnexpectedErrorFault [ApiFault  exceptionCode='UNKNOWN_EXCEPTION'
 exceptionMessage='Destination URL not reset. The URL returned from login must be set in the SforceService'
 upgradeURL='null'
 upgradeMessage='null'
]
]

	at sun.reflect.NativeConstructorAccessorImpl.newInstance0(Native Method)
	at sun.reflect.NativeConstructorAccessorImpl.newInstance(Unknown Source)
	at sun.reflect.DelegatingConstructorAccessorImpl.newInstance(Unknown Source)
	at java.lang.reflect.Constructor.newInstance(Unknown Source)
	at java.lang.Class.newInstance(Unknown Source)
	at com.sforce.ws.bind.TypeMapper.readSingle(TypeMapper.java:652)
	at com.sforce.ws.bind.TypeMapper.readObject(TypeMapper.java:529)
	at com.sforce.ws.transport.SoapConnection.parseDetail(SoapConnection.java:236)
	at com.sforce.ws.transport.SoapConnection.createException(SoapConnection.java:210)
	at com.sforce.ws.transport.SoapConnection.receive(SoapConnection.java:156)
	at com.sforce.ws.transport.SoapConnection.send(SoapConnection.java:99)
	at com.sforce.soap.partner.wsc.PartnerConnection.getUserInfo(PartnerConnection.java:923)
	at com.salesforce.ide.core.remote.Connection.login(Connection.java:283)
	at com.salesforce.ide.core.remote.Connection.relogin(Connection.java:430)
	at com.salesforce.ide.core.remote.Connection$$FastClassByCGLIB$$8e61a81d.invoke(<generated>)
	at net.sf.cglib.proxy.MethodProxy.invoke(MethodProxy.java:149)
	at org.springframework.aop.framework.Cglib2AopProxy$CglibMethodInvocation.invokeJoinpoint(Cglib2AopProxy.java:700)
	at org.springframework.aop.framework.ReflectiveMethodInvocation.proceed(ReflectiveMethodInvocation.java:149)
	at org.springframework.aop.aspectj.MethodInvocationProceedingJoinPoint.proceed(MethodInvocationProceedingJoinPoint.java:77)
	at com.salesforce.ide.core.internal.aspects.LoginRetryAspect.loginRetry(LoginRetryAspect.java:34)
	at sun.reflect.NativeMethodAccessorImpl.invoke0(Native Method)
	at sun.reflect.NativeMethodAccessorImpl.invoke(Unknown Source)
	at sun.reflect.DelegatingMethodAccessorImpl.invoke(Unknown Source)
	at java.lang.reflect.Method.invoke(Unknown Source)
	at org.springframework.aop.aspectj.AbstractAspectJAdvice.invokeAdviceMethodWithGivenArgs(AbstractAspectJAdvice.java:627)
	at org.springframework.aop.aspectj.AbstractAspectJAdvice.invokeAdviceMethod(AbstractAspectJAdvice.java:616)
	at org.springframework.aop.aspectj.AspectJAroundAdvice.invoke(AspectJAroundAdvice.java:64)
	at org.springframework.aop.framework.ReflectiveMethodInvocation.proceed(ReflectiveMethodInvocation.java:171)
	at org.springframework.aop.framework.adapter.MethodBeforeAdviceInterceptor.invoke(MethodBeforeAdviceInterceptor.java:50)
	at org.springframework.aop.framework.ReflectiveMethodInvocation.proceed(ReflectiveMethodInvocation.java:171)
	at org.springframework.aop.interceptor.ExposeInvocationInterceptor.invoke(ExposeInvocationInterceptor.java:90)
	at org.springframework.aop.framework.ReflectiveMethodInvocation.proceed(ReflectiveMethodInvocation.java:171)
	at org.springframework.aop.framework.Cglib2AopProxy$DynamicAdvisedInterceptor.intercept(Cglib2AopProxy.java:635)
	at com.salesforce.ide.core.remote.Connection$$EnhancerByCGLIB$$965db315.relogin(<generated>)
	at com.salesforce.ide.core.factories.ConnectionFactory.getConnection(ConnectionFactory.java:142)
	at com.salesforce.ide.core.factories.ConnectionFactory.getConnection(ConnectionFactory.java:157)
	at com.salesforce.ide.core.services.PackageRetrieveService.retrieveSelective(PackageRetrieveService.java:513)
	at com.salesforce.ide.ui.sync.SyncController.handleSourceComponentFileRefresh(SyncController.java:224)
	at com.salesforce.ide.ui.sync.SyncController.loadRemoteComponents(SyncController.java:119)
	at com.salesforce.ide.ui.sync.ComponentSubscriber.loadRemoteComponents(ComponentSubscriber.java:68)
	at com.salesforce.ide.ui.sync.ComponentSyncParticipant.execute(ComponentSyncParticipant.java:101)
	at com.salesforce.ide.ui.handlers.SynchronizeHandler$1.run(SynchronizeHandler.java:152)
	at org.eclipse.jface.operation.ModalContext$ModalContextThread.run(ModalContext.java:121)
 WARN [2017-05-11 16:19:58,409] (BaseRetryAspect.java:isLoginExceptionRetryable:115) - Login evaluation deemed exception not retry-able:
 UnexpectedErrorFault: Destination URL not reset. The URL returned from login must be set in the SforceService
 WARN [2017-05-11 16:19:58,419] (BaseRetryAspect.java:isConnectionExceptionRetryable:150) - Connection evaluation deemed exception not retry-able:
 UnexpectedErrorFault: Destination URL not reset. The URL returned from login must be set in the SforceService
ERROR [2017-05-11 16:19:58,429] (RefreshResourceHandler.java:fetchRemoteComponents:118) - Unable to refresh resource(s)
[UnexpectedErrorFault [ApiFault  exceptionCode='UNKNOWN_EXCEPTION'
 exceptionMessage='Destination URL not reset. The URL returned from login must be set in the SforceService'
 upgradeURL='null'
 upgradeMessage='null'
]
]

	at sun.reflect.NativeConstructorAccessorImpl.newInstance0(Native Method)
	at sun.reflect.NativeConstructorAccessorImpl.newInstance(Unknown Source)
	at sun.reflect.DelegatingConstructorAccessorImpl.newInstance(Unknown Source)
	at java.lang.reflect.Constructor.newInstance(Unknown Source)
	at java.lang.Class.newInstance(Unknown Source)
	at com.sforce.ws.bind.TypeMapper.readSingle(TypeMapper.java:652)
	at com.sforce.ws.bind.TypeMapper.readObject(TypeMapper.java:529)
	at com.sforce.ws.transport.SoapConnection.parseDetail(SoapConnection.java:236)
	at com.sforce.ws.transport.SoapConnection.createException(SoapConnection.java:210)
	at com.sforce.ws.transport.SoapConnection.receive(SoapConnection.java:156)
	at com.sforce.ws.transport.SoapConnection.send(SoapConnection.java:99)
	at com.sforce.soap.partner.wsc.PartnerConnection.getUserInfo(PartnerConnection.java:923)
	at com.salesforce.ide.core.remote.Connection.login(Connection.java:283)
	at com.salesforce.ide.core.remote.Connection.relogin(Connection.java:430)
	at com.salesforce.ide.core.remote.Connection$$FastClassByCGLIB$$8e61a81d.invoke(<generated>)
	at net.sf.cglib.proxy.MethodProxy.invoke(MethodProxy.java:149)
	at org.springframework.aop.framework.Cglib2AopProxy$CglibMethodInvocation.invokeJoinpoint(Cglib2AopProxy.java:700)
	at org.springframework.aop.framework.ReflectiveMethodInvocation.proceed(ReflectiveMethodInvocation.java:149)
	at org.springframework.aop.aspectj.MethodInvocationProceedingJoinPoint.proceed(MethodInvocationProceedingJoinPoint.java:77)
	at com.salesforce.ide.core.internal.aspects.LoginRetryAspect.loginRetry(LoginRetryAspect.java:34)
	at sun.reflect.NativeMethodAccessorImpl.invoke0(Native Method)
	at sun.reflect.NativeMethodAccessorImpl.invoke(Unknown Source)
	at sun.reflect.DelegatingMethodAccessorImpl.invoke(Unknown Source)
	at java.lang.reflect.Method.invoke(Unknown Source)
	at org.springframework.aop.aspectj.AbstractAspectJAdvice.invokeAdviceMethodWithGivenArgs(AbstractAspectJAdvice.java:627)
	at org.springframework.aop.aspectj.AbstractAspectJAdvice.invokeAdviceMethod(AbstractAspectJAdvice.java:616)
	at org.springframework.aop.aspectj.AspectJAroundAdvice.invoke(AspectJAroundAdvice.java:64)
	at org.springframework.aop.framework.ReflectiveMethodInvocation.proceed(ReflectiveMethodInvocation.java:171)
	at org.springframework.aop.framework.adapter.MethodBeforeAdviceInterceptor.invoke(MethodBeforeAdviceInterceptor.java:50)
	at org.springframework.aop.framework.ReflectiveMethodInvocation.proceed(ReflectiveMethodInvocation.java:171)
	at org.springframework.aop.interceptor.ExposeInvocationInterceptor.invoke(ExposeInvocationInterceptor.java:90)
	at org.springframework.aop.framework.ReflectiveMethodInvocation.proceed(ReflectiveMethodInvocation.java:171)
	at org.springframework.aop.framework.Cglib2AopProxy$DynamicAdvisedInterceptor.intercept(Cglib2AopProxy.java:635)
	at com.salesforce.ide.core.remote.Connection$$EnhancerByCGLIB$$965db315.relogin(<generated>)
	at com.salesforce.ide.core.factories.ConnectionFactory.getConnection(ConnectionFactory.java:142)
	at com.salesforce.ide.core.factories.ConnectionFactory.getConnection(ConnectionFactory.java:157)
	at com.salesforce.ide.core.services.PackageRetrieveService.retrieveSelective(PackageRetrieveService.java:513)
	at com.salesforce.ide.ui.actions.RefreshResourceActionController.handleSourceComponentFileRefresh(RefreshResourceActionController.java:447)
	at com.salesforce.ide.ui.actions.RefreshResourceActionController.refreshResources(RefreshResourceActionController.java:171)
	at com.salesforce.ide.ui.handlers.RefreshResourceHandler$1.execute(RefreshResourceHandler.java:85)
	at org.eclipse.ui.actions.WorkspaceModifyOperation$1.run(WorkspaceModifyOperation.java:106)
	at org.eclipse.core.internal.resources.Workspace.run(Workspace.java:2345)
	at org.eclipse.ui.actions.WorkspaceModifyOperation.run(WorkspaceModifyOperation.java:118)
	at org.eclipse.jface.operation.ModalContext$ModalContextThread.run(ModalContext.java:121)
 WARN [2017-05-11 16:20:16,997] (BaseRetryAspect.java:isLoginExceptionRetryable:115) - Login evaluation deemed exception not retry-able:
 UnexpectedErrorFault: Destination URL not reset. The URL returned from login must be set in the SforceService
 WARN [2017-05-11 16:20:17,004] (BaseRetryAspect.java:isConnectionExceptionRetryable:150) - Connection evaluation deemed exception not retry-able:
 UnexpectedErrorFault: Destination URL not reset. The URL returned from login must be set in the SforceService
ERROR [2017-05-11 16:20:17,010] (ComponentSubscriber.java:loadRemoteComponents:70) - Unable to load synchronize with server: Destination URL not reset. The URL returned from login must be set in the SforceService
ERROR [2017-05-11 16:20:17,017] (SynchronizeHandler.java:sync:138) - Unable to synchronize resources with server
[UnexpectedErrorFault [ApiFault  exceptionCode='UNKNOWN_EXCEPTION'
 exceptionMessage='Destination URL not reset. The URL returned from login must be set in the SforceService'
 upgradeURL='null'
 upgradeMessage='null'
]
]

	at sun.reflect.NativeConstructorAccessorImpl.newInstance0(Native Method)
	at sun.reflect.NativeConstructorAccessorImpl.newInstance(Unknown Source)
	at sun.reflect.DelegatingConstructorAccessorImpl.newInstance(Unknown Source)
	at java.lang.reflect.Constructor.newInstance(Unknown Source)
	at java.lang.Class.newInstance(Unknown Source)
	at com.sforce.ws.bind.TypeMapper.readSingle(TypeMapper.java:652)
	at com.sforce.ws.bind.TypeMapper.readObject(TypeMapper.java:529)
	at com.sforce.ws.transport.SoapConnection.parseDetail(SoapConnection.java:236)
	at com.sforce.ws.transport.SoapConnection.createException(SoapConnection.java:210)
	at com.sforce.ws.transport.SoapConnection.receive(SoapConnection.java:156)
	at com.sforce.ws.transport.SoapConnection.send(SoapConnection.java:99)
	at com.sforce.soap.partner.wsc.PartnerConnection.getUserInfo(PartnerConnection.java:923)
	at com.salesforce.ide.core.remote.Connection.login(Connection.java:283)
	at com.salesforce.ide.core.remote.Connection.relogin(Connection.java:430)
	at com.salesforce.ide.core.remote.Connection$$FastClassByCGLIB$$8e61a81d.invoke(<generated>)
	at net.sf.cglib.proxy.MethodProxy.invoke(MethodProxy.java:149)
	at org.springframework.aop.framework.Cglib2AopProxy$CglibMethodInvocation.invokeJoinpoint(Cglib2AopProxy.java:700)
	at org.springframework.aop.framework.ReflectiveMethodInvocation.proceed(ReflectiveMethodInvocation.java:149)
	at org.springframework.aop.aspectj.MethodInvocationProceedingJoinPoint.proceed(MethodInvocationProceedingJoinPoint.java:77)
	at com.salesforce.ide.core.internal.aspects.LoginRetryAspect.loginRetry(LoginRetryAspect.java:34)
	at sun.reflect.NativeMethodAccessorImpl.invoke0(Native Method)
	at sun.reflect.NativeMethodAccessorImpl.invoke(Unknown Source)
	at sun.reflect.DelegatingMethodAccessorImpl.invoke(Unknown Source)
	at java.lang.reflect.Method.invoke(Unknown Source)
	at org.springframework.aop.aspectj.AbstractAspectJAdvice.invokeAdviceMethodWithGivenArgs(AbstractAspectJAdvice.java:627)
	at org.springframework.aop.aspectj.AbstractAspectJAdvice.invokeAdviceMethod(AbstractAspectJAdvice.java:616)
	at org.springframework.aop.aspectj.AspectJAroundAdvice.invoke(AspectJAroundAdvice.java:64)
	at org.springframework.aop.framework.ReflectiveMethodInvocation.proceed(ReflectiveMethodInvocation.java:171)
	at org.springframework.aop.framework.adapter.MethodBeforeAdviceInterceptor.invoke(MethodBeforeAdviceInterceptor.java:50)
	at org.springframework.aop.framework.ReflectiveMethodInvocation.proceed(ReflectiveMethodInvocation.java:171)
	at org.springframework.aop.interceptor.ExposeInvocationInterceptor.invoke(ExposeInvocationInterceptor.java:90)
	at org.springframework.aop.framework.ReflectiveMethodInvocation.proceed(ReflectiveMethodInvocation.java:171)
	at org.springframework.aop.framework.Cglib2AopProxy$DynamicAdvisedInterceptor.intercept(Cglib2AopProxy.java:635)
	at com.salesforce.ide.core.remote.Connection$$EnhancerByCGLIB$$965db315.relogin(<generated>)
	at com.salesforce.ide.core.factories.ConnectionFactory.getConnection(ConnectionFactory.java:142)
	at com.salesforce.ide.core.factories.ConnectionFactory.getConnection(ConnectionFactory.java:157)
	at com.salesforce.ide.core.services.PackageRetrieveService.retrieveSelective(PackageRetrieveService.java:513)
	at com.salesforce.ide.ui.sync.SyncController.handleSourceComponentFileRefresh(SyncController.java:224)
	at com.salesforce.ide.ui.sync.SyncController.loadRemoteComponents(SyncController.java:119)
	at com.salesforce.ide.ui.sync.ComponentSubscriber.loadRemoteComponents(ComponentSubscriber.java:68)
	at com.salesforce.ide.ui.sync.ComponentSyncParticipant.execute(ComponentSyncParticipant.java:101)
	at com.salesforce.ide.ui.handlers.SynchronizeHandler$1.run(SynchronizeHandler.java:152)
	at org.eclipse.jface.operation.ModalContext$ModalContextThread.run(ModalContext.java:121)
 WARN [2017-05-11 16:20:37,193] (BaseRetryAspect.java:isLoginExceptionRetryable:115) - Login evaluation deemed exception not retry-able:
 UnexpectedErrorFault: Destination URL not reset. The URL returned from login must be set in the SforceService
 WARN [2017-05-11 16:20:37,199] (BaseRetryAspect.java:isConnectionExceptionRetryable:150) - Connection evaluation deemed exception not retry-able:
 UnexpectedErrorFault: Destination URL not reset. The URL returned from login must be set in the SforceService
 WARN [2017-05-11 16:20:37,208] (ActionController.java:syncCheck:198) - Unable to perform sync check: Destination URL not reset. The URL returned from login must be set in the SforceService
 WARN [2017-05-11 16:21:08,088] (DefaultBuilder.java:applyDirtyMarkers:93) - TODO: apply 'Save locally only...' markers on each resource
 WARN [2017-05-11 16:21:09,799] (ConnectionFactory.java:clearCache:220) - Clearing the following cached connections
 WARN [2017-05-11 16:21:09,808] (DescribeObjectRegistry.java:clearCache:660) - No cached describes
 WARN [2017-05-11 16:21:09,819] (MetadataFactory.java:clearCache:128) - Clearing the following cached metadata stubs
ERROR [2017-05-11 16:26:10,043] (ProjectPackageList.java:generateComponents:483) - Filepath-zip mapping is null or empty for package 'unpackaged' [null] - skipping component generation
 WARN [2017-05-11 17:20:22,527] (DefaultBuilder.java:applyDirtyMarkers:93) - TODO: apply 'Save locally only...' markers on each resource
 WARN [2017-05-11 17:21:09,856] (ComponentFactory.java:getCompositeComponentFromComponent:1098) - Unable to load existing 'classes/StaticDemo.cls-meta.xml' from project - associated component's file resource is null.  Assuming new.
 WARN [2017-05-11 17:21:09,987] (ComponentController.java:deploy:447) - Remote save aborted - project is not online enabled
 WARN [2017-05-11 17:21:09,997] (Utils.java:loadDocument:800) - Unable to load document: C:\Users\noopur.naik\Desktop\Git_new\.metadata\.plugins\org.eclipse.core.resources\.projects\ProgramaticModelFirst\com.salesforce.ide.core\packageCache.xml (The system cannot find the file specified)
 WARN [2017-05-11 17:21:10,044] (ComponentController.java:run:425) - Unable to update cache with new component Apex Class - cache is not found
 WARN [2017-05-11 17:21:10,121] (DefaultBuilder.java:applyDirtyMarkers:93) - TODO: apply 'Save locally only...' markers on each resource
 WARN [2017-05-11 17:27:10,505] (DefaultBuilder.java:applyDirtyMarkers:93) - TODO: apply 'Save locally only...' markers on each resource
ERROR [2017-05-11 17:27:38,406] (ProjectPackageList.java:generateComponents:483) - Filepath-zip mapping is null or empty for package 'unpackaged' [null] - skipping component generation
 WARN [2017-05-11 17:30:08,423] (DefaultBuilder.java:applyDirtyMarkers:93) - TODO: apply 'Save locally only...' markers on each resource
 WARN [2017-05-11 17:35:55,310] (ComponentFactory.java:getCompositeComponentFromComponent:1098) - Unable to load existing 'classes/HelloWorldDemo.cls-meta.xml' from project - associated component's file resource is null.  Assuming new.
 WARN [2017-05-11 17:35:55,440] (ComponentController.java:deploy:447) - Remote save aborted - project is not online enabled
 WARN [2017-05-11 17:35:55,450] (Utils.java:loadDocument:800) - Unable to load document: C:\Users\noopur.naik\Desktop\Git_new\.metadata\.plugins\org.eclipse.core.resources\.projects\ProgramaticModelFirst\com.salesforce.ide.core\packageCache.xml (The system cannot find the file specified)
 WARN [2017-05-11 17:35:55,460] (ComponentController.java:run:425) - Unable to update cache with new component Apex Class - cache is not found
 WARN [2017-05-11 17:35:55,611] (DefaultBuilder.java:applyDirtyMarkers:93) - TODO: apply 'Save locally only...' markers on each resource
 WARN [2017-05-11 17:42:17,913] (DefaultBuilder.java:applyDirtyMarkers:93) - TODO: apply 'Save locally only...' markers on each resource
ERROR [2017-05-11 17:42:24,451] (ProjectPackageList.java:generateComponents:483) - Filepath-zip mapping is null or empty for package 'unpackaged' [null] - skipping component generation
 WARN [2017-05-11 17:43:54,849] (ComponentFactory.java:getCompositeComponentFromComponent:1098) - Unable to load existing 'classes/AbstractMethodDemo.cls-meta.xml' from project - associated component's file resource is null.  Assuming new.
 WARN [2017-05-11 17:43:54,982] (ComponentController.java:deploy:447) - Remote save aborted - project is not online enabled
 WARN [2017-05-11 17:43:54,990] (Utils.java:loadDocument:800) - Unable to load document: C:\Users\noopur.naik\Desktop\Git_new\.metadata\.plugins\org.eclipse.core.resources\.projects\ProgramaticModelFirst\com.salesforce.ide.core\packageCache.xml (The system cannot find the file specified)
 WARN [2017-05-11 17:43:55,017] (ComponentController.java:run:425) - Unable to update cache with new component Apex Class - cache is not found
 WARN [2017-05-11 17:43:55,133] (DefaultBuilder.java:applyDirtyMarkers:93) - TODO: apply 'Save locally only...' markers on each resource
 WARN [2017-05-11 17:50:03,660] (ComponentFactory.java:getCompositeComponentFromComponent:1098) - Unable to load existing 'classes/AbstractClassImplementation.cls-meta.xml' from project - associated component's file resource is null.  Assuming new.
 WARN [2017-05-11 17:50:03,760] (ComponentController.java:deploy:447) - Remote save aborted - project is not online enabled
 WARN [2017-05-11 17:50:03,770] (Utils.java:loadDocument:800) - Unable to load document: C:\Users\noopur.naik\Desktop\Git_new\.metadata\.plugins\org.eclipse.core.resources\.projects\ProgramaticModelFirst\com.salesforce.ide.core\packageCache.xml (The system cannot find the file specified)
 WARN [2017-05-11 17:50:03,780] (ComponentController.java:run:425) - Unable to update cache with new component Apex Class - cache is not found
 WARN [2017-05-11 17:50:03,899] (DefaultBuilder.java:applyDirtyMarkers:93) - TODO: apply 'Save locally only...' markers on each resource
 WARN [2017-05-11 17:52:34,777] (DefaultBuilder.java:applyDirtyMarkers:93) - TODO: apply 'Save locally only...' markers on each resource
ERROR [2017-05-11 17:52:42,682] (ProjectPackageList.java:generateComponents:483) - Filepath-zip mapping is null or empty for package 'unpackaged' [null] - skipping component generation
 WARN [2017-05-11 17:52:50,550] (DefaultBuilder.java:applyDirtyMarkers:93) - TODO: apply 'Save locally only...' markers on each resource
ERROR [2017-05-11 17:53:00,329] (ProjectPackageList.java:generateComponents:483) - Filepath-zip mapping is null or empty for package 'unpackaged' [null] - skipping component generation
 WARN [2017-05-11 17:53:05,902] (ProjectService.java:handleDeployResult:1917) - Save failed!
 WARN [2017-05-11 17:53:05,912] (ProjectService.java:handleRetrieveResult:2087) - Nothing to save to project - retrieve result is empty
ERROR [2017-05-11 17:53:49,700] (ProjectPackageList.java:generateComponents:483) - Filepath-zip mapping is null or empty for package 'unpackaged' [null] - skipping component generation
 WARN [2017-05-11 17:53:52,480] (ProjectService.java:handleDeployResult:1917) - Save failed!
 WARN [2017-05-11 17:53:52,490] (ProjectService.java:handleRetrieveResult:2087) - Nothing to save to project - retrieve result is empty
 WARN [2017-05-11 17:54:19,215] (DefaultBuilder.java:applyDirtyMarkers:93) - TODO: apply 'Save locally only...' markers on each resource
ERROR [2017-05-11 17:54:27,679] (ProjectPackageList.java:generateComponents:483) - Filepath-zip mapping is null or empty for package 'unpackaged' [null] - skipping component generation
 WARN [2017-05-11 17:54:30,267] (ProjectService.java:handleDeployResult:1917) - Save failed!
 WARN [2017-05-11 17:54:30,287] (ProjectService.java:handleRetrieveResult:2087) - Nothing to save to project - retrieve result is empty
 WARN [2017-05-11 17:55:35,483] (DefaultBuilder.java:applyDirtyMarkers:93) - TODO: apply 'Save locally only...' markers on each resource
ERROR [2017-05-11 17:55:44,741] (ProjectPackageList.java:generateComponents:483) - Filepath-zip mapping is null or empty for package 'unpackaged' [null] - skipping component generation
 WARN [2017-05-11 18:11:05,492] (DefaultBuilder.java:applyDirtyMarkers:93) - TODO: apply 'Save locally only...' markers on each resource
 WARN [2017-05-11 18:13:40,304] (DefaultBuilder.java:applyDirtyMarkers:93) - TODO: apply 'Save locally only...' markers on each resource
 WARN [2017-05-11 18:13:56,636] (ProjectService.java:handleDeployResult:1917) - Save failed!
 WARN [2017-05-11 18:13:56,645] (ProjectService.java:handleRetrieveResult:2087) - Nothing to save to project - retrieve result is empty
 WARN [2017-05-11 18:14:26,032] (DefaultBuilder.java:applyDirtyMarkers:93) - TODO: apply 'Save locally only...' markers on each resource
 WARN [2017-05-11 20:23:20,257] (DefaultBuilder.java:applyDirtyMarkers:93) - TODO: apply 'Save locally only...' markers on each resource
ERROR [2017-05-11 20:23:27,544] (MetadataOperationsRetryAspect.java:metadataOperationsRetry:34) - ForceRemoteException occurred while attempting to perform a metadata operation
 WARN [2017-05-11 20:27:55,161] (DefaultBuilder.java:applyDirtyMarkers:93) - TODO: apply 'Save locally only...' markers on each resource
 WARN [2017-05-11 22:03:06,418] (DefaultBuilder.java:applyDirtyMarkers:93) - TODO: apply 'Save locally only...' markers on each resource
 WARN [2017-05-11 22:03:08,793] (ConnectionFactory.java:clearCache:220) - Clearing the following cached connections
 WARN [2017-05-11 22:03:08,803] (DescribeObjectRegistry.java:clearCache:660) - No cached describes
 WARN [2017-05-11 22:03:08,813] (MetadataFactory.java:clearCache:128) - Clearing the following cached metadata stubs
